[13-Apr-2021 10:30:45 +0000]: <6e8cpk7o> PHP Error: php_zip extension is required for the zipdownload plugin in /home/crypto/public_html/roundcube/plugins/zipdownload/zipdownload.php on line 36 (GET /roundcube/?_task=mail&_token=knpDKm6nVhwumksmnAzGzJ8FxAmW1XRk)
[13-Apr-2021 10:30:47 +0000]: <6e8cpk7o> PHP Error: php_zip extension is required for the zipdownload plugin in /home/crypto/public_html/roundcube/plugins/zipdownload/zipdownload.php on line 36 (GET /roundcube/?_task=mail&_action=getunread&_page=1&_remote=1&_unlock=0&_=1618309844623)
[13-Apr-2021 10:30:48 +0000]: <6e8cpk7o> PHP Error: php_zip extension is required for the zipdownload plugin in /home/crypto/public_html/roundcube/plugins/zipdownload/zipdownload.php on line 36 (GET /roundcube/?_task=mail&_action=list&_refresh=1&_layout=widescreen&_mbox=INBOX&_remote=1&_unlock=loading1618309845789&_=1618309844622)
[13-Apr-2021 10:30:50 +0000]: <6e8cpk7o> PHP Error: php_zip extension is required for the zipdownload plugin in /home/crypto/public_html/roundcube/plugins/zipdownload/zipdownload.php on line 36 (GET /roundcube/?_task=mail&_action=list&_refresh=1&_layout=widescreen&_mbox=Sent&_page=1&_remote=1&_unlock=loading1618309848172&_=1618309844624)
[13-Apr-2021 10:31:04 +0000]: <6e8cpk7o> PHP Error: php_zip extension is required for the zipdownload plugin in /home/crypto/public_html/roundcube/plugins/zipdownload/zipdownload.php on line 36 (GET /roundcube/?_task=mail&_action=list&_refresh=1&_layout=widescreen&_mbox=INBOX&_page=1&_remote=1&_unlock=loading1618309862731&_=1618309844625)
[13-Apr-2021 10:31:05 +0000]: <6e8cpk7o> PHP Error: php_zip extension is required for the zipdownload plugin in /home/crypto/public_html/roundcube/plugins/zipdownload/zipdownload.php on line 36 (GET /roundcube/?_task=mail&_caps=pdf%3D1%2Cflash%3D0%2Ctiff%3D0%2Cwebp%3D1&_uid=1&_mbox=INBOX&_framed=1&_action=preview)
[13-Apr-2021 10:31:09 +0000]: <6e8cpk7o> PHP Error: php_zip extension is required for the zipdownload plugin in /home/crypto/public_html/roundcube/plugins/zipdownload/zipdownload.php on line 36 (GET /roundcube/?_task=mail&_action=list&_refresh=1&_layout=widescreen&_mbox=Drafts&_page=1&_remote=1&_unlock=loading1618309867699&_=1618309844626)
[13-Apr-2021 10:31:10 +0000]: <6e8cpk7o> PHP Error: php_zip extension is required for the zipdownload plugin in /home/crypto/public_html/roundcube/plugins/zipdownload/zipdownload.php on line 36 (GET /roundcube/?_task=mail&_action=list&_refresh=1&_layout=widescreen&_mbox=Sent&_page=1&_remote=1&_unlock=loading1618309868636&_=1618309844627)
[13-Apr-2021 10:31:11 +0000]: <6e8cpk7o> PHP Error: php_zip extension is required for the zipdownload plugin in /home/crypto/public_html/roundcube/plugins/zipdownload/zipdownload.php on line 36 (GET /roundcube/?_task=mail&_action=list&_refresh=1&_layout=widescreen&_mbox=Trash&_page=1&_remote=1&_unlock=loading1618309869602&_=1618309844628)
[13-Apr-2021 10:31:12 +0000]: <6e8cpk7o> PHP Error: php_zip extension is required for the zipdownload plugin in /home/crypto/public_html/roundcube/plugins/zipdownload/zipdownload.php on line 36 (GET /roundcube/?_task=mail&_action=list&_refresh=1&_layout=widescreen&_mbox=spam&_page=1&_remote=1&_unlock=loading1618309870418&_=1618309844629)
[13-Apr-2021 10:31:47 +0000]: <6e8cpk7o> PHP Error: php_zip extension is required for the zipdownload plugin in /home/crypto/public_html/roundcube/plugins/zipdownload/zipdownload.php on line 36 (POST /roundcube/?_task=mail&_action=refresh)
[13-Apr-2021 10:32:47 +0000]: <6e8cpk7o> PHP Error: php_zip extension is required for the zipdownload plugin in /home/crypto/public_html/roundcube/plugins/zipdownload/zipdownload.php on line 36 (POST /roundcube/?_task=mail&_action=refresh)
[13-Apr-2021 10:33:32 +0000]: <6e8cpk7o> PHP Error: php_zip extension is required for the zipdownload plugin in /home/crypto/public_html/roundcube/plugins/zipdownload/zipdownload.php on line 36 (GET /roundcube/?_task=mail&_mbox=spam&_action=compose)
[13-Apr-2021 10:33:32 +0000]: <6e8cpk7o> PHP Error: php_zip extension is required for the zipdownload plugin in /home/crypto/public_html/roundcube/plugins/zipdownload/zipdownload.php on line 36 (GET /roundcube/?_task=mail&_action=compose&_id=10183185786075737c0cbf5)
[13-Apr-2021 10:33:36 +0000]: <6e8cpk7o> PHP Error: php_zip extension is required for the zipdownload plugin in /home/crypto/public_html/roundcube/plugins/zipdownload/zipdownload.php on line 36 (POST /roundcube/?_task=mail&_action=autocomplete)
[13-Apr-2021 10:33:39 +0000]: <6e8cpk7o> PHP Error: php_zip extension is required for the zipdownload plugin in /home/crypto/public_html/roundcube/plugins/zipdownload/zipdownload.php on line 36 (POST /roundcube/?_task=mail&_action=autocomplete)
[13-Apr-2021 10:33:43 +0000]: <6e8cpk7o> PHP Error: php_zip extension is required for the zipdownload plugin in /home/crypto/public_html/roundcube/plugins/zipdownload/zipdownload.php on line 36 (POST /roundcube/?_task=mail&_action=autocomplete)
[13-Apr-2021 10:33:49 +0000]: <6e8cpk7o> PHP Error: php_zip extension is required for the zipdownload plugin in /home/crypto/public_html/roundcube/plugins/zipdownload/zipdownload.php on line 36 (POST /roundcube/?_task=mail&_action=autocomplete)
[13-Apr-2021 10:33:54 +0000]: <6e8cpk7o> PHP Error: php_zip extension is required for the zipdownload plugin in /home/crypto/public_html/roundcube/plugins/zipdownload/zipdownload.php on line 36 (POST /roundcube/?_task=mail&_unlock=loading1618310032430&_framed=1&_lang=sl&_action=send)
[13-Apr-2021 10:33:55 +0000]: <6e8cpk7o> PHP Error: php_zip extension is required for the zipdownload plugin in /home/crypto/public_html/roundcube/plugins/zipdownload/zipdownload.php on line 36 (GET /roundcube/?_task=mail&_refresh=1&_mbox=spam&_page=)
[13-Apr-2021 10:33:57 +0000]: <6e8cpk7o> PHP Error: php_zip extension is required for the zipdownload plugin in /home/crypto/public_html/roundcube/plugins/zipdownload/zipdownload.php on line 36 (GET /roundcube/?_task=mail&_action=getunread&_page=1&_remote=1&_unlock=0&_=1618310034447)
[13-Apr-2021 10:33:58 +0000]: <6e8cpk7o> PHP Error: php_zip extension is required for the zipdownload plugin in /home/crypto/public_html/roundcube/plugins/zipdownload/zipdownload.php on line 36 (GET /roundcube/?_task=mail&_action=list&_refresh=1&_layout=widescreen&_mbox=spam&_remote=1&_unlock=loading1618310035446&_=1618310034446)
[13-Apr-2021 10:34:08 +0000]: <6e8cpk7o> PHP Error: php_zip extension is required for the zipdownload plugin in /home/crypto/public_html/roundcube/plugins/zipdownload/zipdownload.php on line 36 (GET /roundcube/?_task=mail&_action=list&_refresh=1&_layout=widescreen&_mbox=Sent&_page=1&_remote=1&_unlock=loading1618310046808&_=1618310034448)
[13-Apr-2021 10:34:09 +0000]: <6e8cpk7o> PHP Error: php_zip extension is required for the zipdownload plugin in /home/crypto/public_html/roundcube/plugins/zipdownload/zipdownload.php on line 36 (GET /roundcube/?_task=mail&_caps=pdf%3D1%2Cflash%3D0%2Ctiff%3D0%2Cwebp%3D1&_uid=2&_mbox=Sent&_framed=1&_action=preview)
[13-Apr-2021 10:34:57 +0000]: <6e8cpk7o> PHP Error: php_zip extension is required for the zipdownload plugin in /home/crypto/public_html/roundcube/plugins/zipdownload/zipdownload.php on line 36 (POST /roundcube/?_task=mail&_action=refresh)
[13-Apr-2021 10:35:34 +0000]: <6e8cpk7o> PHP Error: php_zip extension is required for the zipdownload plugin in /home/crypto/public_html/roundcube/plugins/zipdownload/zipdownload.php on line 36 (GET /roundcube/?_task=mail&_action=list&_refresh=1&_layout=widescreen&_mbox=INBOX&_page=1&_remote=1&_unlock=loading1618310133018&_=1618310034449)
[13-Apr-2021 10:35:37 +0000]: <6e8cpk7o> PHP Error: php_zip extension is required for the zipdownload plugin in /home/crypto/public_html/roundcube/plugins/zipdownload/zipdownload.php on line 36 (POST /roundcube/?_task=mail&_action=check-recent)
[13-Apr-2021 10:35:57 +0000]: <6e8cpk7o> PHP Error: php_zip extension is required for the zipdownload plugin in /home/crypto/public_html/roundcube/plugins/zipdownload/zipdownload.php on line 36 (POST /roundcube/?_task=mail&_action=refresh)
[13-Apr-2021 10:36:46 +0000]: <6e8cpk7o> PHP Error: php_zip extension is required for the zipdownload plugin in /home/crypto/public_html/roundcube/plugins/zipdownload/zipdownload.php on line 36 (POST /roundcube/?_task=mail&_action=check-recent)
[13-Apr-2021 10:36:47 +0000]: <6e8cpk7o> PHP Error: php_zip extension is required for the zipdownload plugin in /home/crypto/public_html/roundcube/plugins/zipdownload/zipdownload.php on line 36 (GET /roundcube/?_task=mail&_caps=pdf%3D1%2Cflash%3D0%2Ctiff%3D0%2Cwebp%3D1&_uid=2&_mbox=INBOX&_framed=1&_action=preview)
[13-Apr-2021 10:36:57 +0000]: <6e8cpk7o> PHP Error: php_zip extension is required for the zipdownload plugin in /home/crypto/public_html/roundcube/plugins/zipdownload/zipdownload.php on line 36 (POST /roundcube/?_task=mail&_action=refresh)
[13-Apr-2021 10:37:58 +0000]: <6e8cpk7o> PHP Error: php_zip extension is required for the zipdownload plugin in /home/crypto/public_html/roundcube/plugins/zipdownload/zipdownload.php on line 36 (POST /roundcube/?_task=mail&_action=refresh)
[13-Apr-2021 10:38:58 +0000]: <6e8cpk7o> PHP Error: php_zip extension is required for the zipdownload plugin in /home/crypto/public_html/roundcube/plugins/zipdownload/zipdownload.php on line 36 (POST /roundcube/?_task=mail&_action=refresh)
[13-Apr-2021 10:39:58 +0000]: <6e8cpk7o> PHP Error: php_zip extension is required for the zipdownload plugin in /home/crypto/public_html/roundcube/plugins/zipdownload/zipdownload.php on line 36 (POST /roundcube/?_task=mail&_action=refresh)
[13-Apr-2021 10:40:59 +0000]: <6e8cpk7o> PHP Error: php_zip extension is required for the zipdownload plugin in /home/crypto/public_html/roundcube/plugins/zipdownload/zipdownload.php on line 36 (POST /roundcube/?_task=mail&_action=refresh)
[13-Apr-2021 10:41:59 +0000]: <6e8cpk7o> PHP Error: php_zip extension is required for the zipdownload plugin in /home/crypto/public_html/roundcube/plugins/zipdownload/zipdownload.php on line 36 (POST /roundcube/?_task=mail&_action=refresh)
[13-Apr-2021 10:43:00 +0000]: <6e8cpk7o> PHP Error: php_zip extension is required for the zipdownload plugin in /home/crypto/public_html/roundcube/plugins/zipdownload/zipdownload.php on line 36 (POST /roundcube/?_task=mail&_action=refresh)
[13-Apr-2021 10:44:00 +0000]: <6e8cpk7o> PHP Error: php_zip extension is required for the zipdownload plugin in /home/crypto/public_html/roundcube/plugins/zipdownload/zipdownload.php on line 36 (POST /roundcube/?_task=mail&_action=refresh)
[13-Apr-2021 10:45:00 +0000]: <6e8cpk7o> PHP Error: php_zip extension is required for the zipdownload plugin in /home/crypto/public_html/roundcube/plugins/zipdownload/zipdownload.php on line 36 (POST /roundcube/?_task=mail&_action=refresh)
[13-Apr-2021 10:46:01 +0000]: <6e8cpk7o> PHP Error: php_zip extension is required for the zipdownload plugin in /home/crypto/public_html/roundcube/plugins/zipdownload/zipdownload.php on line 36 (POST /roundcube/?_task=mail&_action=refresh)
[13-Apr-2021 10:46:49 +0000]: <6e8cpk7o> PHP Error: php_zip extension is required for the zipdownload plugin in /home/crypto/public_html/roundcube/plugins/zipdownload/zipdownload.php on line 36 (GET /roundcube/?_task=mail&_mbox=INBOX)
[13-Apr-2021 10:46:51 +0000]: <6e8cpk7o> PHP Error: php_zip extension is required for the zipdownload plugin in /home/crypto/public_html/roundcube/plugins/zipdownload/zipdownload.php on line 36 (GET /roundcube/?_task=mail&_action=getunread&_page=1&_remote=1&_unlock=0&_=1618310808189)
[13-Apr-2021 10:46:52 +0000]: <6e8cpk7o> PHP Error: php_zip extension is required for the zipdownload plugin in /home/crypto/public_html/roundcube/plugins/zipdownload/zipdownload.php on line 36 (GET /roundcube/?_task=mail&_action=list&_refresh=1&_layout=widescreen&_mbox=INBOX&_remote=1&_unlock=loading1618310809222&_=1618310808188)
[13-Apr-2021 10:46:54 +0000]: <6e8cpk7o> PHP Error: php_zip extension is required for the zipdownload plugin in /home/crypto/public_html/roundcube/plugins/zipdownload/zipdownload.php on line 36 (GET /roundcube/?_task=mail&_action=list&_refresh=1&_layout=widescreen&_mbox=Sent&_page=1&_remote=1&_unlock=loading1618310812658&_=1618310808190)
[13-Apr-2021 10:46:55 +0000]: <6e8cpk7o> PHP Error: php_zip extension is required for the zipdownload plugin in /home/crypto/public_html/roundcube/plugins/zipdownload/zipdownload.php on line 36 (GET /roundcube/?_task=mail&_caps=pdf%3D1%2Cflash%3D0%2Ctiff%3D0%2Cwebp%3D1&_uid=2&_mbox=Sent&_framed=1&_action=preview)
[13-Apr-2021 10:47:51 +0000]: <6e8cpk7o> PHP Error: php_zip extension is required for the zipdownload plugin in /home/crypto/public_html/roundcube/plugins/zipdownload/zipdownload.php on line 36 (POST /roundcube/?_task=mail&_action=refresh)
[13-Apr-2021 10:48:51 +0000]: <6e8cpk7o> PHP Error: php_zip extension is required for the zipdownload plugin in /home/crypto/public_html/roundcube/plugins/zipdownload/zipdownload.php on line 36 (POST /roundcube/?_task=mail&_action=refresh)
[13-Apr-2021 10:49:52 +0000]: <6e8cpk7o> PHP Error: php_zip extension is required for the zipdownload plugin in /home/crypto/public_html/roundcube/plugins/zipdownload/zipdownload.php on line 36 (POST /roundcube/?_task=mail&_action=refresh)
[13-Apr-2021 10:50:52 +0000]: <6e8cpk7o> PHP Error: php_zip extension is required for the zipdownload plugin in /home/crypto/public_html/roundcube/plugins/zipdownload/zipdownload.php on line 36 (POST /roundcube/?_task=mail&_action=refresh)
[13-Apr-2021 10:51:52 +0000]: <6e8cpk7o> PHP Error: php_zip extension is required for the zipdownload plugin in /home/crypto/public_html/roundcube/plugins/zipdownload/zipdownload.php on line 36 (POST /roundcube/?_task=mail&_action=refresh)
[13-Apr-2021 10:52:10 +0000]: <6e8cpk7o> PHP Error: php_zip extension is required for the zipdownload plugin in /home/crypto/public_html/roundcube/plugins/zipdownload/zipdownload.php on line 36 (GET /roundcube/?_task=mail&_mbox=Sent&_action=compose)
[13-Apr-2021 10:52:10 +0000]: <6e8cpk7o> PHP Error: php_zip extension is required for the zipdownload plugin in /home/crypto/public_html/roundcube/plugins/zipdownload/zipdownload.php on line 36 (GET /roundcube/?_task=mail&_action=compose&_id=2021129560607577da10f4e)
[13-Apr-2021 10:52:16 +0000]: <6e8cpk7o> PHP Error: php_zip extension is required for the zipdownload plugin in /home/crypto/public_html/roundcube/plugins/zipdownload/zipdownload.php on line 36 (POST /roundcube/?_task=mail&_action=autocomplete)
[13-Apr-2021 10:52:18 +0000]: <6e8cpk7o> PHP Error: php_zip extension is required for the zipdownload plugin in /home/crypto/public_html/roundcube/plugins/zipdownload/zipdownload.php on line 36 (POST /roundcube/?_task=mail&_action=autocomplete)
[13-Apr-2021 10:52:22 +0000]: <6e8cpk7o> PHP Error: php_zip extension is required for the zipdownload plugin in /home/crypto/public_html/roundcube/plugins/zipdownload/zipdownload.php on line 36 (POST /roundcube/?_task=mail&_action=autocomplete)
[13-Apr-2021 10:52:23 +0000]: <6e8cpk7o> PHP Error: php_zip extension is required for the zipdownload plugin in /home/crypto/public_html/roundcube/plugins/zipdownload/zipdownload.php on line 36 (POST /roundcube/?_task=mail&_action=autocomplete)
[13-Apr-2021 10:52:31 +0000]: <6e8cpk7o> PHP Error: php_zip extension is required for the zipdownload plugin in /home/crypto/public_html/roundcube/plugins/zipdownload/zipdownload.php on line 36 (POST /roundcube/?_task=mail&_unlock=loading1618311149722&_framed=1&_lang=sl&_action=send)
[13-Apr-2021 10:52:32 +0000]: <6e8cpk7o> PHP Error: php_zip extension is required for the zipdownload plugin in /home/crypto/public_html/roundcube/plugins/zipdownload/zipdownload.php on line 36 (GET /roundcube/?_task=mail&_refresh=1&_mbox=Sent&_page=)
[13-Apr-2021 10:52:34 +0000]: <6e8cpk7o> PHP Error: php_zip extension is required for the zipdownload plugin in /home/crypto/public_html/roundcube/plugins/zipdownload/zipdownload.php on line 36 (GET /roundcube/?_task=mail&_action=list&_refresh=1&_layout=widescreen&_mbox=Sent&_remote=1&_unlock=loading1618311152403&_=1618311151392)
[13-Apr-2021 10:52:34 +0000]: <6e8cpk7o> PHP Error: php_zip extension is required for the zipdownload plugin in /home/crypto/public_html/roundcube/plugins/zipdownload/zipdownload.php on line 36 (GET /roundcube/?_task=mail&_action=getunread&_page=1&_remote=1&_unlock=0&_=1618311151393)
[13-Apr-2021 10:53:35 +0000]: <6e8cpk7o> PHP Error: php_zip extension is required for the zipdownload plugin in /home/crypto/public_html/roundcube/plugins/zipdownload/zipdownload.php on line 36 (POST /roundcube/?_task=mail&_action=refresh)
[13-Apr-2021 10:54:08 +0000]: <6e8cpk7o> PHP Error: php_zip extension is required for the zipdownload plugin in /home/crypto/public_html/roundcube/plugins/zipdownload/zipdownload.php on line 36 (GET /roundcube/?_task=mail&_caps=pdf%3D1%2Cflash%3D0%2Ctiff%3D0%2Cwebp%3D1&_uid=3&_mbox=Sent&_framed=1&_action=preview)
[13-Apr-2021 10:54:35 +0000]: <6e8cpk7o> PHP Error: php_zip extension is required for the zipdownload plugin in /home/crypto/public_html/roundcube/plugins/zipdownload/zipdownload.php on line 36 (POST /roundcube/?_task=mail&_action=refresh)
[13-Apr-2021 10:55:35 +0000]: <6e8cpk7o> PHP Error: php_zip extension is required for the zipdownload plugin in /home/crypto/public_html/roundcube/plugins/zipdownload/zipdownload.php on line 36 (POST /roundcube/?_task=mail&_action=refresh)
[13-Apr-2021 10:55:43 +0000]: <6e8cpk7o> PHP Error: php_zip extension is required for the zipdownload plugin in /home/crypto/public_html/roundcube/plugins/zipdownload/zipdownload.php on line 36 (GET /roundcube/?_task=mail&_caps=pdf%3D1%2Cflash%3D0%2Ctiff%3D0%2Cwebp%3D1&_uid=2&_mbox=Sent&_framed=1&_action=preview)
[13-Apr-2021 10:59:39 +0000]: <6e8cpk7o> PHP Error: php_zip extension is required for the zipdownload plugin in /home/crypto/public_html/roundcube/plugins/zipdownload/zipdownload.php on line 36 (GET /roundcube/?_task=mail&_mbox=Sent)
[13-Apr-2021 10:59:40 +0000]: <6e8cpk7o> PHP Error: php_zip extension is required for the zipdownload plugin in /home/crypto/public_html/roundcube/plugins/zipdownload/zipdownload.php on line 36 (GET /roundcube/?_task=mail&_action=getunread&_page=1&_remote=1&_unlock=0&_=1618311577985)
[13-Apr-2021 10:59:41 +0000]: <6e8cpk7o> PHP Error: php_zip extension is required for the zipdownload plugin in /home/crypto/public_html/roundcube/plugins/zipdownload/zipdownload.php on line 36 (GET /roundcube/?_task=mail&_action=list&_refresh=1&_layout=widescreen&_mbox=Sent&_remote=1&_unlock=loading1618311579066&_=1618311577984)
[13-Apr-2021 10:59:42 +0000]: <6e8cpk7o> PHP Error: php_zip extension is required for the zipdownload plugin in /home/crypto/public_html/roundcube/plugins/zipdownload/zipdownload.php on line 36 (GET /roundcube/?_task=mail&_action=list&_refresh=1&_layout=widescreen&_mbox=INBOX&_page=1&_remote=1&_unlock=loading1618311580954&_=1618311577986)
[13-Apr-2021 10:59:43 +0000]: <6e8cpk7o> PHP Error: php_zip extension is required for the zipdownload plugin in /home/crypto/public_html/roundcube/plugins/zipdownload/zipdownload.php on line 36 (GET /roundcube/?_task=mail&_caps=pdf%3D1%2Cflash%3D0%2Ctiff%3D0%2Cwebp%3D1&_uid=3&_mbox=INBOX&_framed=1&_action=preview)
[13-Apr-2021 11:01:06 +0000]: <6e8cpk7o> PHP Error: php_zip extension is required for the zipdownload plugin in /home/crypto/public_html/roundcube/plugins/zipdownload/zipdownload.php on line 36 (GET /roundcube/?_task=mail&_action=list&_refresh=1&_layout=widescreen&_mbox=Drafts&_page=1&_remote=1&_unlock=loading1618311610597&_=1618311577987)
[13-Apr-2021 11:01:07 +0000]: <6e8cpk7o> PHP Error: php_zip extension is required for the zipdownload plugin in /home/crypto/public_html/roundcube/plugins/zipdownload/zipdownload.php on line 36 (GET /roundcube/?_task=mail&_mbox=Drafts)
[13-Apr-2021 11:01:07 +0000]: <6e8cpk7o> PHP Error: php_zip extension is required for the zipdownload plugin in /home/crypto/public_html/roundcube/plugins/zipdownload/zipdownload.php on line 36 (POST /roundcube/?_task=mail&_action=refresh)
[13-Apr-2021 11:01:09 +0000]: <6e8cpk7o> PHP Error: php_zip extension is required for the zipdownload plugin in /home/crypto/public_html/roundcube/plugins/zipdownload/zipdownload.php on line 36 (GET /roundcube/?_task=mail&_action=getunread&_page=1&_remote=1&_unlock=0&_=1618311666833)
[13-Apr-2021 11:01:09 +0000]: <6e8cpk7o> PHP Error: php_zip extension is required for the zipdownload plugin in /home/crypto/public_html/roundcube/plugins/zipdownload/zipdownload.php on line 36 (GET /roundcube/?_task=mail&_action=list&_refresh=1&_layout=widescreen&_mbox=Drafts&_remote=1&_unlock=loading1618311667437&_=1618311666832)
[13-Apr-2021 11:03:06 +0000]: <6e8cpk7o> PHP Error: php_zip extension is required for the zipdownload plugin in /home/crypto/public_html/roundcube/plugins/zipdownload/zipdownload.php on line 36 (GET /roundcube/?_task=mail&_mbox=INBOX)
[13-Apr-2021 11:03:07 +0000]: <6e8cpk7o> PHP Error: php_zip extension is required for the zipdownload plugin in /home/crypto/public_html/roundcube/plugins/zipdownload/zipdownload.php on line 36 (GET /roundcube/?_task=mail&_action=list&_refresh=1&_layout=widescreen&_mbox=INBOX&_remote=1&_unlock=loading1618311785870&_=1618311784986)
[13-Apr-2021 11:03:07 +0000]: <6e8cpk7o> PHP Error: php_zip extension is required for the zipdownload plugin in /home/crypto/public_html/roundcube/plugins/zipdownload/zipdownload.php on line 36 (GET /roundcube/?_task=mail&_action=getunread&_page=1&_remote=1&_unlock=0&_=1618311784987)
[13-Apr-2021 11:03:09 +0000]: <6e8cpk7o> PHP Error: php_zip extension is required for the zipdownload plugin in /home/crypto/public_html/roundcube/plugins/zipdownload/zipdownload.php on line 36 (GET /roundcube/?_task=mail&_caps=pdf%3D1%2Cflash%3D0%2Ctiff%3D0%2Cwebp%3D1&_uid=4&_mbox=INBOX&_framed=1&_action=preview)
[13-Apr-2021 11:03:12 +0000]: <6e8cpk7o> PHP Error: php_zip extension is required for the zipdownload plugin in /home/crypto/public_html/roundcube/plugins/zipdownload/zipdownload.php on line 36 (GET /roundcube/?_task=mail&_action=list&_refresh=1&_layout=widescreen&_mbox=Drafts&_page=1&_remote=1&_unlock=loading1618311790698&_=1618311784988)
[13-Apr-2021 11:03:14 +0000]: <6e8cpk7o> PHP Error: php_zip extension is required for the zipdownload plugin in /home/crypto/public_html/roundcube/plugins/zipdownload/zipdownload.php on line 36 (GET /roundcube/?_task=mail&_action=list&_refresh=1&_layout=widescreen&_mbox=Sent&_page=1&_remote=1&_unlock=loading1618311792365&_=1618311784989)
[13-Apr-2021 11:03:15 +0000]: <6e8cpk7o> PHP Error: php_zip extension is required for the zipdownload plugin in /home/crypto/public_html/roundcube/plugins/zipdownload/zipdownload.php on line 36 (GET /roundcube/?_task=mail&_action=list&_refresh=1&_layout=widescreen&_mbox=Trash&_page=1&_remote=1&_unlock=loading1618311793604&_=1618311784990)
[13-Apr-2021 11:03:16 +0000]: <6e8cpk7o> PHP Error: php_zip extension is required for the zipdownload plugin in /home/crypto/public_html/roundcube/plugins/zipdownload/zipdownload.php on line 36 (GET /roundcube/?_task=mail&_action=list&_refresh=1&_layout=widescreen&_mbox=spam&_page=1&_remote=1&_unlock=loading1618311794569&_=1618311784991)
[13-Apr-2021 11:04:07 +0000]: <6e8cpk7o> PHP Error: php_zip extension is required for the zipdownload plugin in /home/crypto/public_html/roundcube/plugins/zipdownload/zipdownload.php on line 36 (POST /roundcube/?_task=mail&_action=refresh)
[13-Apr-2021 11:05:07 +0000]: <6e8cpk7o> PHP Error: php_zip extension is required for the zipdownload plugin in /home/crypto/public_html/roundcube/plugins/zipdownload/zipdownload.php on line 36 (POST /roundcube/?_task=mail&_action=refresh)
[13-Apr-2021 11:06:08 +0000]: <6e8cpk7o> PHP Error: php_zip extension is required for the zipdownload plugin in /home/crypto/public_html/roundcube/plugins/zipdownload/zipdownload.php on line 36 (POST /roundcube/?_task=mail&_action=refresh)
[13-Apr-2021 11:07:08 +0000]: <6e8cpk7o> PHP Error: php_zip extension is required for the zipdownload plugin in /home/crypto/public_html/roundcube/plugins/zipdownload/zipdownload.php on line 36 (POST /roundcube/?_task=mail&_action=refresh)
[13-Apr-2021 11:08:08 +0000]: <6e8cpk7o> PHP Error: php_zip extension is required for the zipdownload plugin in /home/crypto/public_html/roundcube/plugins/zipdownload/zipdownload.php on line 36 (POST /roundcube/?_task=mail&_action=refresh)
[13-Apr-2021 11:09:09 +0000]: <6e8cpk7o> PHP Error: php_zip extension is required for the zipdownload plugin in /home/crypto/public_html/roundcube/plugins/zipdownload/zipdownload.php on line 36 (POST /roundcube/?_task=mail&_action=refresh)
[13-Apr-2021 11:10:09 +0000]: <6e8cpk7o> PHP Error: php_zip extension is required for the zipdownload plugin in /home/crypto/public_html/roundcube/plugins/zipdownload/zipdownload.php on line 36 (POST /roundcube/?_task=mail&_action=refresh)
[13-Apr-2021 11:11:09 +0000]: <6e8cpk7o> PHP Error: php_zip extension is required for the zipdownload plugin in /home/crypto/public_html/roundcube/plugins/zipdownload/zipdownload.php on line 36 (POST /roundcube/?_task=mail&_action=refresh)
[13-Apr-2021 11:12:10 +0000]: <6e8cpk7o> PHP Error: php_zip extension is required for the zipdownload plugin in /home/crypto/public_html/roundcube/plugins/zipdownload/zipdownload.php on line 36 (POST /roundcube/?_task=mail&_action=refresh)
[13-Apr-2021 11:13:11 +0000]: <6e8cpk7o> PHP Error: php_zip extension is required for the zipdownload plugin in /home/crypto/public_html/roundcube/plugins/zipdownload/zipdownload.php on line 36 (POST /roundcube/?_task=mail&_action=refresh)
[13-Apr-2021 11:13:29 +0000]: <6e8cpk7o> PHP Error: php_zip extension is required for the zipdownload plugin in /home/crypto/public_html/roundcube/plugins/zipdownload/zipdownload.php on line 36 (GET /roundcube/?_task=mail&_mbox=spam&_action=compose)
[13-Apr-2021 11:13:30 +0000]: <6e8cpk7o> PHP Error: php_zip extension is required for the zipdownload plugin in /home/crypto/public_html/roundcube/plugins/zipdownload/zipdownload.php on line 36 (GET /roundcube/?_task=mail&_action=compose&_id=30066236160757cd9e0d2b)
[13-Apr-2021 11:13:40 +0000]: <6e8cpk7o> PHP Error: php_zip extension is required for the zipdownload plugin in /home/crypto/public_html/roundcube/plugins/zipdownload/zipdownload.php on line 36 (POST /roundcube/?_task=mail&_action=autocomplete)
[13-Apr-2021 11:13:47 +0000]: <6e8cpk7o> PHP Error: php_zip extension is required for the zipdownload plugin in /home/crypto/public_html/roundcube/plugins/zipdownload/zipdownload.php on line 36 (POST /roundcube/?_task=mail&_action=autocomplete)
[13-Apr-2021 11:13:53 +0000]: <6e8cpk7o> PHP Error: php_zip extension is required for the zipdownload plugin in /home/crypto/public_html/roundcube/plugins/zipdownload/zipdownload.php on line 36 (POST /roundcube/?_task=mail&_unlock=loading1618312431879&_framed=1&_lang=sl&_action=send)
[13-Apr-2021 11:13:54 +0000]: <6e8cpk7o> PHP Error: php_zip extension is required for the zipdownload plugin in /home/crypto/public_html/roundcube/plugins/zipdownload/zipdownload.php on line 36 (GET /roundcube/?_task=mail&_refresh=1&_mbox=spam&_page=)
[13-Apr-2021 11:13:56 +0000]: <6e8cpk7o> PHP Error: php_zip extension is required for the zipdownload plugin in /home/crypto/public_html/roundcube/plugins/zipdownload/zipdownload.php on line 36 (GET /roundcube/?_task=mail&_action=list&_refresh=1&_layout=widescreen&_mbox=spam&_remote=1&_unlock=loading1618312434987&_=1618312433679)
[13-Apr-2021 11:13:57 +0000]: <6e8cpk7o> PHP Error: php_zip extension is required for the zipdownload plugin in /home/crypto/public_html/roundcube/plugins/zipdownload/zipdownload.php on line 36 (GET /roundcube/?_task=mail&_action=getunread&_page=1&_remote=1&_unlock=0&_=1618312433680)
[13-Apr-2021 11:14:57 +0000]: <6e8cpk7o> PHP Error: php_zip extension is required for the zipdownload plugin in /home/crypto/public_html/roundcube/plugins/zipdownload/zipdownload.php on line 36 (POST /roundcube/?_task=mail&_action=refresh)
[13-Apr-2021 11:15:56 +0000]: <6e8cpk7o> PHP Error: php_zip extension is required for the zipdownload plugin in /home/crypto/public_html/roundcube/plugins/zipdownload/zipdownload.php on line 36 (POST /roundcube/?_task=mail&_action=refresh)
[13-Apr-2021 11:16:57 +0000]: <6e8cpk7o> PHP Error: php_zip extension is required for the zipdownload plugin in /home/crypto/public_html/roundcube/plugins/zipdownload/zipdownload.php on line 36 (POST /roundcube/?_task=mail&_action=refresh)
[13-Apr-2021 11:17:58 +0000]: <6e8cpk7o> PHP Error: php_zip extension is required for the zipdownload plugin in /home/crypto/public_html/roundcube/plugins/zipdownload/zipdownload.php on line 36 (POST /roundcube/?_task=mail&_action=refresh)
[13-Apr-2021 11:18:58 +0000]: <6e8cpk7o> PHP Error: php_zip extension is required for the zipdownload plugin in /home/crypto/public_html/roundcube/plugins/zipdownload/zipdownload.php on line 36 (POST /roundcube/?_task=mail&_action=refresh)
[13-Apr-2021 11:19:58 +0000]: <6e8cpk7o> PHP Error: php_zip extension is required for the zipdownload plugin in /home/crypto/public_html/roundcube/plugins/zipdownload/zipdownload.php on line 36 (POST /roundcube/?_task=mail&_action=refresh)
[13-Apr-2021 12:42:47 +0000]: <fvpbvf1d> PHP Error: php_zip extension is required for the zipdownload plugin in /home/crypto/public_html/roundcube/plugins/zipdownload/zipdownload.php on line 36 (GET /roundcube/?_task=mail&_token=F1IjChezwM7Ylu2G9GtIc6WdQp88rjiX)
[13-Apr-2021 12:42:47 +0000]: <fvpbvf1d> PHP Error: php_zip extension is required for the zipdownload plugin in /home/crypto/public_html/roundcube/plugins/zipdownload/zipdownload.php on line 36 (GET /roundcube/?_task=mail&_action=list&_refresh=1&_layout=widescreen&_mbox=INBOX&_remote=1&_unlock=loading1618317767521&_=1618317767203)
[13-Apr-2021 12:42:47 +0000]: <fvpbvf1d> PHP Error: php_zip extension is required for the zipdownload plugin in /home/crypto/public_html/roundcube/plugins/zipdownload/zipdownload.php on line 36 (GET /roundcube/?_task=mail&_action=getunread&_page=1&_remote=1&_unlock=0&_=1618317767204)
[13-Apr-2021 12:42:50 +0000]: <fvpbvf1d> PHP Error: php_zip extension is required for the zipdownload plugin in /home/crypto/public_html/roundcube/plugins/zipdownload/zipdownload.php on line 36 (GET /roundcube/?_task=mail&_mbox=INBOX&_action=compose)
[13-Apr-2021 12:42:51 +0000]: <fvpbvf1d> PHP Error: php_zip extension is required for the zipdownload plugin in /home/crypto/public_html/roundcube/plugins/zipdownload/zipdownload.php on line 36 (GET /roundcube/?_task=mail&_action=compose&_id=1195629756607591cad9420)
[13-Apr-2021 12:42:54 +0000]: <fvpbvf1d> PHP Error: php_zip extension is required for the zipdownload plugin in /home/crypto/public_html/roundcube/plugins/zipdownload/zipdownload.php on line 36 (POST /roundcube/?_task=mail&_action=autocomplete)
[13-Apr-2021 12:43:10 +0000]: <fvpbvf1d> PHP Error: php_zip extension is required for the zipdownload plugin in /home/crypto/public_html/roundcube/plugins/zipdownload/zipdownload.php on line 36 (POST /roundcube/?_task=mail&_unlock=loading1618317790375&_framed=1&_lang=sl&_action=send)
[13-Apr-2021 12:43:11 +0000]: <fvpbvf1d> PHP Error: php_zip extension is required for the zipdownload plugin in /home/crypto/public_html/roundcube/plugins/zipdownload/zipdownload.php on line 36 (GET /roundcube/?_task=mail&_refresh=1&_mbox=INBOX&_page=)
[13-Apr-2021 12:43:11 +0000]: <fvpbvf1d> PHP Error: php_zip extension is required for the zipdownload plugin in /home/crypto/public_html/roundcube/plugins/zipdownload/zipdownload.php on line 36 (GET /roundcube/?_task=mail&_action=list&_refresh=1&_layout=widescreen&_mbox=INBOX&_remote=1&_unlock=loading1618317791542&_=1618317791431)
[13-Apr-2021 12:43:11 +0000]: <fvpbvf1d> PHP Error: php_zip extension is required for the zipdownload plugin in /home/crypto/public_html/roundcube/plugins/zipdownload/zipdownload.php on line 36 (GET /roundcube/?_task=mail&_action=getunread&_page=1&_remote=1&_unlock=0&_=1618317791432)
[14-Apr-2021 06:05:45 +0000]: <6e8cpk7o> PHP Error: php_zip extension is required for the zipdownload plugin in /home/crypto/public_html/roundcube/plugins/zipdownload/zipdownload.php on line 36 (POST /roundcube/?_task=mail&_action=refresh)
[14-Apr-2021 06:12:19 +0000]: <6e8cpk7o> IMAP Error: Login failed for crypto against localhost from 194.249.251.234. AUTHENTICATE PLAIN: Authentication failed. in /home/crypto/public_html/roundcube/program/lib/Roundcube/rcube_imap.php on line 200 (POST /roundcube/?_task=login&_action=login)
[14-Apr-2021 06:12:43 +0000]: <6e8cpk7o> IMAP Error: Login failed for no-reply-crypto.hexte.eu against localhost from 194.249.251.234. AUTHENTICATE PLAIN: Authentication failed. in /home/crypto/public_html/roundcube/program/lib/Roundcube/rcube_imap.php on line 200 (POST /roundcube/?_task=login&_action=login)
[14-Apr-2021 06:12:55 +0000]: <191hvug0> PHP Error: php_zip extension is required for the zipdownload plugin in /home/crypto/public_html/roundcube/plugins/zipdownload/zipdownload.php on line 36 (GET /roundcube/?_task=mail&_token=wC0mwewVaVHt4Nzbh8N9WOkfbPptMZjF)
[14-Apr-2021 06:12:56 +0000]: <191hvug0> PHP Error: php_zip extension is required for the zipdownload plugin in /home/crypto/public_html/roundcube/plugins/zipdownload/zipdownload.php on line 36 (GET /roundcube/?_task=mail&_action=getunread&_page=1&_remote=1&_unlock=0&_=1618380773286)
[14-Apr-2021 06:12:57 +0000]: <191hvug0> PHP Error: php_zip extension is required for the zipdownload plugin in /home/crypto/public_html/roundcube/plugins/zipdownload/zipdownload.php on line 36 (GET /roundcube/?_task=mail&_action=list&_refresh=1&_layout=widescreen&_mbox=INBOX&_remote=1&_unlock=loading1618380773840&_=1618380773285)
[14-Apr-2021 06:12:57 +0000]: <191hvug0> PHP Error: php_zip extension is required for the zipdownload plugin in /home/crypto/public_html/roundcube/plugins/zipdownload/zipdownload.php on line 36 (GET /roundcube/?_task=mail&_mbox=INBOX&_action=compose)
[14-Apr-2021 06:12:58 +0000]: <191hvug0> PHP Error: php_zip extension is required for the zipdownload plugin in /home/crypto/public_html/roundcube/plugins/zipdownload/zipdownload.php on line 36 (GET /roundcube/?_task=mail&_action=compose&_id=1275681575607687e9ee5e0)
[14-Apr-2021 06:13:00 +0000]: <191hvug0> PHP Error: php_zip extension is required for the zipdownload plugin in /home/crypto/public_html/roundcube/plugins/zipdownload/zipdownload.php on line 36 (POST /roundcube/?_task=mail&_action=autocomplete)
[14-Apr-2021 06:13:56 +0000]: <191hvug0> PHP Error: php_zip extension is required for the zipdownload plugin in /home/crypto/public_html/roundcube/plugins/zipdownload/zipdownload.php on line 36 (POST /roundcube/?_task=mail&_unlock=loading1618380833569&_framed=1&_lang=sl&_action=send)
[14-Apr-2021 06:13:57 +0000]: <191hvug0> PHP Error: php_zip extension is required for the zipdownload plugin in /home/crypto/public_html/roundcube/plugins/zipdownload/zipdownload.php on line 36 (GET /roundcube/?_task=mail&_refresh=1&_mbox=INBOX&_page=)
[14-Apr-2021 06:13:58 +0000]: <191hvug0> PHP Error: php_zip extension is required for the zipdownload plugin in /home/crypto/public_html/roundcube/plugins/zipdownload/zipdownload.php on line 36 (GET /roundcube/?_task=mail&_action=list&_refresh=1&_layout=widescreen&_mbox=INBOX&_remote=1&_unlock=loading1618380835530&_=1618380835054)
[14-Apr-2021 06:13:59 +0000]: <191hvug0> PHP Error: php_zip extension is required for the zipdownload plugin in /home/crypto/public_html/roundcube/plugins/zipdownload/zipdownload.php on line 36 (GET /roundcube/?_task=mail&_action=getunread&_page=1&_remote=1&_unlock=0&_=1618380835055)
[14-Apr-2021 06:14:58 +0000]: <191hvug0> PHP Error: php_zip extension is required for the zipdownload plugin in /home/crypto/public_html/roundcube/plugins/zipdownload/zipdownload.php on line 36 (POST /roundcube/?_task=mail&_action=refresh)
[14-Apr-2021 06:15:58 +0000]: <191hvug0> PHP Error: php_zip extension is required for the zipdownload plugin in /home/crypto/public_html/roundcube/plugins/zipdownload/zipdownload.php on line 36 (POST /roundcube/?_task=mail&_action=refresh)
[14-Apr-2021 06:16:59 +0000]: <191hvug0> PHP Error: php_zip extension is required for the zipdownload plugin in /home/crypto/public_html/roundcube/plugins/zipdownload/zipdownload.php on line 36 (POST /roundcube/?_task=mail&_action=refresh)
